<?xml version="1.0" encoding="UTF-8"?>
<!-- Generated by org.testng.reporters.JUnitReportReporter -->
<testsuite hostname="Lenovo" failures="0" tests="2" name="testScripts.DependsOnTest" time="66.105" errors="0" timestamp="2023-03-03T11:51:23 IST" skipped="0">
  <testcase classname="testScripts.DependsOnTest" name="seleniumSearchTest" time="25.938"/>
  <system-out/>
  <testcase classname="testScripts.DependsOnTest" name="javaSearchTest" time="40.167"/>
  <system-out/>
</testsuite> <!-- testScripts.DependsOnTest -->
