<?xml version="1.0" encoding="UTF-8"?>
<!-- Generated by org.testng.reporters.JUnitReportReporter -->
<testsuite hostname="Lenovo" failures="0" tests="4" name="testScripts.ParaBank" time="44.007" errors="0" timestamp="2023-03-03T11:32:04 IST" skipped="0">
  <testcase classname="testScripts.ParaBank" name="Transferfund" time="12.627"/>
  <system-out/>
  <testcase classname="testScripts.ParaBank" name="register" time="18.925"/>
  <system-out/>
  <testcase classname="testScripts.ParaBank" name="openaccount" time="4.756"/>
  <system-out/>
  <testcase classname="testScripts.ParaBank" name="overview" time="7.699"/>
  <system-out/>
</testsuite> <!-- testScripts.ParaBank -->
