<?xml version="1.0" encoding="UTF-8"?>
<!-- Generated by org.testng.reporters.JUnitReportReporter -->
<testsuite hostname="Lenovo" failures="0" tests="3" name="testScripts.danube_Searchitem_Ex" time="9.545" errors="0" timestamp="2023-03-01T16:00:49 IST" skipped="0">
  <testcase classname="testScripts.danube_Searchitem_Ex" name="signup" time="4.498"/>
  <system-out/>
  <testcase classname="testScripts.danube_Searchitem_Ex" name="search" time="2.058"/>
  <system-out/>
  <testcase classname="testScripts.danube_Searchitem_Ex" name="chechout" time="2.989"/>
  <system-out/>
</testsuite> <!-- testScripts.danube_Searchitem_Ex -->
