<?xml version="1.0" encoding="UTF-8"?>
<!-- Generated by org.testng.reporters.JUnitReportReporter -->
<testsuite skipped="0" hostname="Lenovo" name="testScripts.danubeStorefile" tests="2" failures="0" timestamp="2023-03-04T16:24:43 IST" time="30.815" errors="0">
  <testcase name="register" time="13.406" classname="testScripts.danubeStorefile"/>
  <system-out/>
  <testcase name="search" time="17.409" classname="testScripts.danubeStorefile"/>
  <system-out/>
</testsuite> <!-- testScripts.danubeStorefile -->
