<?xml version="1.0" encoding="UTF-8"?>
<!-- Generated by org.testng.reporters.JUnitReportReporter -->
<testsuite hostname="Lenovo" failures="0" tests="4" name="parallelScripts.SampleTwoTest" time="0.267" errors="0" timestamp="2023-03-02T19:34:23 IST" skipped="0">
  <testcase classname="parallelScripts.SampleTwoTest" name="testFour" time="0.095"/>
  <system-out/>
  <testcase classname="parallelScripts.SampleTwoTest" name="testThree" time="0.007"/>
  <system-out/>
  <testcase classname="parallelScripts.SampleTwoTest" name="testTwo" time="0.015"/>
  <system-out/>
  <testcase classname="parallelScripts.SampleTwoTest" name="testOne" time="0.150"/>
  <system-out/>
</testsuite> <!-- parallelScripts.SampleTwoTest -->
